<?xml version="1.0" encoding="UTF-8"?>
<!-- Generated by org.testng.reporters.JUnitXMLReporter -->
<testsuite hostname="LAPTOP-RJIBJFCP" ignored="0" name="Print-OnDemand Application Automation Test" tests="4" failures="0" timestamp="2021-06-05T00:17:14 IST" time="54.121" errors="0">
  <testcase name="loginPageTitleTest" time="0.029" classname="com.crm.qa.testcases.LoginPageTest"/>
  <testcase name="loginPageLogoTest" time="0.186" classname="com.crm.qa.testcases.LoginPageTest"/>
  <testcase name="loginTest" time="8.973" classname="com.crm.qa.testcases.LoginPageTest"/>
  <testcase name="loginTest" time="8.568" classname="com.crm.qa.testcases.LoginPageTest"/>
</testsuite> <!-- Print-OnDemand Application Automation Test -->
