<?xml version="1.0" encoding="UTF-8"?>
<testng-results skipped="0" failed="0" ignored="0" total="4" passed="4">
  <reporter-output>
  </reporter-output>
  <suite name="Print-OnDemand Application Automation Suite" duration-ms="54121" started-at="2021-06-05T00:16:20 IST" finished-at="2021-06-05T00:17:14 IST">
    <groups>
    </groups>
    <test name="Print-OnDemand Application Automation Test" duration-ms="54121" started-at="2021-06-05T00:16:20 IST" finished-at="2021-06-05T00:17:14 IST">
      <class name="com.crm.qa.testcases.LoginPageTest">
        <test-method status="PASS" signature="setUp()[pri:0, instance:com.crm.qa.testcases.LoginPageTest@6ee12bac]" name="setUp" is-config="true" duration-ms="10734" started-at="2021-06-05T00:16:20 IST" finished-at="2021-06-05T00:16:31 IST">
          <reporter-output>
          </reporter-output>
        </test-method> <!-- setUp -->
        <test-method status="PASS" signature="loginPageTitleTest()[pri:1, instance:com.crm.qa.testcases.LoginPageTest@6ee12bac]" name="loginPageTitleTest" duration-ms="29" started-at="2021-06-05T00:16:31 IST" finished-at="2021-06-05T00:16:31 IST">
          <reporter-output>
          </reporter-output>
        </test-method> <!-- loginPageTitleTest -->
        <test-method status="PASS" signature="tearDown()[pri:0, instance:com.crm.qa.testcases.LoginPageTest@6ee12bac]" name="tearDown" is-config="true" duration-ms="1144" started-at="2021-06-05T00:16:31 IST" finished-at="2021-06-05T00:16:32 IST">
          <reporter-output>
          </reporter-output>
        </test-method> <!-- tearDown -->
        <test-method status="PASS" signature="setUp()[pri:0, instance:com.crm.qa.testcases.LoginPageTest@6ee12bac]" name="setUp" is-config="true" duration-ms="7107" started-at="2021-06-05T00:16:32 IST" finished-at="2021-06-05T00:16:39 IST">
          <reporter-output>
          </reporter-output>
        </test-method> <!-- setUp -->
        <test-method status="PASS" signature="loginPageLogoTest()[pri:2, instance:com.crm.qa.testcases.LoginPageTest@6ee12bac]" name="loginPageLogoTest" duration-ms="186" started-at="2021-06-05T00:16:39 IST" finished-at="2021-06-05T00:16:39 IST">
          <reporter-output>
          </reporter-output>
        </test-method> <!-- loginPageLogoTest -->
        <test-method status="PASS" signature="tearDown()[pri:0, instance:com.crm.qa.testcases.LoginPageTest@6ee12bac]" name="tearDown" is-config="true" duration-ms="850" started-at="2021-06-05T00:16:39 IST" finished-at="2021-06-05T00:16:40 IST">
          <reporter-output>
          </reporter-output>
        </test-method> <!-- tearDown -->
        <test-method status="PASS" signature="setUp()[pri:0, instance:com.crm.qa.testcases.LoginPageTest@6ee12bac]" name="setUp" is-config="true" duration-ms="7049" started-at="2021-06-05T00:16:41 IST" finished-at="2021-06-05T00:16:48 IST">
          <reporter-output>
          </reporter-output>
        </test-method> <!-- setUp -->
        <test-method status="PASS" signature="loginTest(java.util.Hashtable)[pri:3, instance:com.crm.qa.testcases.LoginPageTest@6ee12bac]" name="loginTest" duration-ms="8973" started-at="2021-06-05T00:16:48 IST" data-provider="getProductTestData" finished-at="2021-06-05T00:16:57 IST">
          <params>
            <param index="0">
              <value>
                <![CDATA[{Username=RE_USER005, TC_No=TC1, Password=Test1234$, Product=Brochure}]]>
              </value>
            </param>
          </params>
          <reporter-output>
          </reporter-output>
        </test-method> <!-- loginTest -->
        <test-method status="PASS" signature="tearDown()[pri:0, instance:com.crm.qa.testcases.LoginPageTest@6ee12bac]" name="tearDown" is-config="true" duration-ms="819" started-at="2021-06-05T00:16:57 IST" finished-at="2021-06-05T00:16:58 IST">
          <reporter-output>
          </reporter-output>
        </test-method> <!-- tearDown -->
        <test-method status="PASS" signature="setUp()[pri:0, instance:com.crm.qa.testcases.LoginPageTest@6ee12bac]" name="setUp" is-config="true" duration-ms="6779" started-at="2021-06-05T00:16:58 IST" finished-at="2021-06-05T00:17:05 IST">
          <reporter-output>
          </reporter-output>
        </test-method> <!-- setUp -->
        <test-method status="PASS" signature="loginTest(java.util.Hashtable)[pri:3, instance:com.crm.qa.testcases.LoginPageTest@6ee12bac]" name="loginTest" duration-ms="8568" started-at="2021-06-05T00:17:05 IST" data-provider="getProductTestData" finished-at="2021-06-05T00:17:13 IST">
          <params>
            <param index="0">
              <value>
                <![CDATA[{Username=RE_USER005, TC_No=TC2, Password=Test1234$, Product=Resume}]]>
              </value>
            </param>
          </params>
          <reporter-output>
          </reporter-output>
        </test-method> <!-- loginTest -->
        <test-method status="PASS" signature="tearDown()[pri:0, instance:com.crm.qa.testcases.LoginPageTest@6ee12bac]" name="tearDown" is-config="true" duration-ms="803" started-at="2021-06-05T00:17:13 IST" finished-at="2021-06-05T00:17:14 IST">
          <reporter-output>
          </reporter-output>
        </test-method> <!-- tearDown -->
      </class> <!-- com.crm.qa.testcases.LoginPageTest -->
    </test> <!-- Print-OnDemand Application Automation Test -->
  </suite> <!-- Print-OnDemand Application Automation Suite -->
</testng-results>
